<?xml version="1.0" encoding="UTF-8"?>
<!-- Generated by org.testng.reporters.JUnitXMLReporter -->
<testsuite ignored="0" hostname="kalpeshs-MacBook-Air.local" failures="2" tests="3" name="TestNG1" time="13.019" errors="0" timestamp="2024-03-15T15:03:30 IST">
  <testcase classname="TestNG.TestNG_googleSearch2" name="TearDownTest" time="0.005">
    <failure type="java.lang.NullPointerException" message="Cannot invoke &amp;quot;org.openqa.selenium.WebDriver.close()&amp;quot; because &amp;quot;TestNG.TestNG_googleSearch2.driver&amp;quot; is null">
      <![CDATA[java.lang.NullPointerException: Cannot invoke "org.openqa.selenium.WebDriver.close()" because "TestNG.TestNG_googleSearch2.driver" is null
at TestNG.TestNG_googleSearch2.TearDownTest(TestNG_googleSearch2.java:42)
at java.base/java.util.ArrayList.forEach(ArrayList.java:1511)
... Removed 25 stack frames]]>
    </failure>
  </testcase> <!-- TearDownTest -->
  <testcase classname="TestNG.TestNG_googleSearch2" name="googleSearch" time="0.003">
    <failure type="java.lang.NullPointerException" message="Cannot invoke &amp;quot;org.openqa.selenium.WebDriver.findElement(org.openqa.selenium.By)&amp;quot; because &amp;quot;TestNG.TestNG_googleSearch2.driver&amp;quot; is null">
      <![CDATA[java.lang.NullPointerException: Cannot invoke "org.openqa.selenium.WebDriver.findElement(org.openqa.selenium.By)" because "TestNG.TestNG_googleSearch2.driver" is null
at TestNG.TestNG_googleSearch2.googleSearch(TestNG_googleSearch2.java:29)
at java.base/java.util.ArrayList.forEach(ArrayList.java:1511)
... Removed 25 stack frames]]>
    </failure>
  </testcase> <!-- googleSearch -->
  <testcase classname="TestNG.TestNG_googleSearch2" name="setUpTest" time="12.986"/>
</testsuite> <!-- TestNG1 -->
